1	7.77151	0
2	7.62831	0.143194
3	7.94973	0.33188
4	7.79778	0.279576
5	7.65864	0.257406
6	7.4946	0.266605
7	7.44109	0.23159
8	7.52557	0.217628
9	7.50484	0.193047
10	7.47029	0.176088
11	7.45149	0.160383
12	7.43752	0.147075
13	7.42657	0.135731
14	7.41916	0.125881
15	7.37956	0.1237
16	7.36292	0.116901
17	7.42023	0.123866
18	7.39668	0.119132
19	7.44184	0.1214
20	7.46729	0.117948
21	7.46765	0.112191
22	7.46738	0.10697
23	7.47148	0.102296
24	7.46288	0.0983187
25	7.46581	0.0943494
26	7.50395	0.0983483
27	7.5188	0.0957925
28	7.54141	0.0950369
29	7.5341	0.0919916
30	7.51719	0.0904674
31	7.52771	0.0881307
32	7.52651	0.0853407
33	7.54319	0.0843795
34	7.5304	0.0828525
35	7.53009	0.0804511
36	7.53109	0.0781907
37	7.52487	0.0763015
38	7.56086	0.0825263
39	7.58201	0.0831181
40	7.59404	0.0819021
41	7.60473	0.0805918
42	7.60294	0.0786701
43	7.58965	0.0779599
44	7.60102	0.0770117
45	7.59053	0.0760079
46	7.56955	0.0772399
47	7.57928	0.0762013
48	7.57377	0.0747999
49	7.55462	0.0757188
50	7.54706	0.0745733
51	7.53633	0.0738792
52	7.53238	0.0725523
53	7.53073	0.0711894
54	7.53793	0.070229
55	7.5368	0.0689495
56	7.54097	0.067835
57	7.54713	0.0669185
58	7.54636	0.0657591
59	7.56212	0.0665297
60	7.56033	0.065436
61	7.55757	0.0644138
62	7.55224	0.0635894
63	7.54141	0.0635037
64	7.55445	0.0638509
65	7.55782	0.0629509
66	7.5538	0.0621197
67	7.55624	0.061234
68	7.55612	0.0603269
69	7.56223	0.0597588
70	7.5606	0.0589213
71	7.56235	0.0581119
72	7.55013	0.058589
73	7.54912	0.0577897
74	7.54106	0.05757
75	7.54908	0.0573597
76	7.54163	0.0570871
77	7.55746	0.0585214
78	7.54747	0.0586246
79	7.53788	0.0586657
80	7.53733	0.0579304
81	7.53141	0.0575158
82	7.52517	0.0571517
83	7.52528	0.056459
84	7.53251	0.0562487
85	7.54365	0.0566894
86	7.54455	0.0560334
87	7.54549	0.0553937
88	7.55173	0.0551151
89	7.5525	0.0544977
90	7.5512	0.0539043
91	7.54434	0.0537481
92	7.54559	0.0531751
93	7.53839	0.0530902
94	7.53533	0.0526113
95	7.54132	0.0523976
96	7.52598	0.0540698
97	7.53128	0.0537712
98	7.53447	0.0533151
99	7.53452	0.0527739
100	7.53405	0.0522456
101	7.53254	0.0517478
102	7.5265	0.0515928
103	7.52047	0.0514436
104	7.51963	0.0509535
105	7.51614	0.0505863
106	7.50826	0.0507234
107	7.50908	0.0502539
108	7.51056	0.0498083
109	7.50687	0.049487
110	7.50932	0.0490963
111	7.50808	0.0486678
112	7.5024	0.0485645
113	7.50837	0.0485021
114	7.50189	0.0485103
115	7.49962	0.0481402
116	7.50342	0.0478743
117	7.50337	0.0474634
118	7.49514	0.047773
119	7.4952	0.0473699
120	7.50813	0.0487204
121	7.51181	0.0484562
122	7.50723	0.0482749
123	7.50908	0.0479165
124	7.51192	0.0476133
125	7.5058	0.0476268
126	7.50578	0.0472473
127	7.5077	0.046913
128	7.50444	0.0466592
129	7.50758	0.0464022
130	7.50223	0.0463536
131	7.51058	0.0467505
132	7.5103	0.0463959
133	7.51062	0.0460469
134	7.50309	0.046318
135	7.50944	0.0464089
136	7.50531	0.0462506
137	7.50702	0.0459436
138	7.50321	0.0457684
139	7.50171	0.0454627
140	7.50957	0.0458168
141	7.50691	0.0455688
142	7.50726	0.0452482
143	7.50135	0.0453177
144	7.50662	0.0453097
145	7.51312	0.0454627
146	7.51093	0.0452036
147	7.51458	0.0450431
148	7.51083	0.0448943
149	7.50867	0.0446444
150	7.51126	0.0444215
151	7.51202	0.0441328
152	7.51171	0.0438426
153	7.50875	0.0436553
154	7.51034	0.0433997
155	7.50854	0.0431562
156	7.51153	0.042983
157	7.50995	0.0427376
158	7.50582	0.0426669
159	7.50023	0.0427643
160	7.50053	0.0424972
161	7.50312	0.0423116
162	7.49827	0.0423273
163	7.49946	0.0420835
164	7.49835	0.0418407
165	7.49466	0.0417505
166	7.49352	0.0415137
167	7.49241	0.0412794
168	7.49556	0.0411538
169	7.49589	0.0409109
170	7.49767	0.0407086
171	7.49817	0.0404729
172	7.50323	0.0405539
173	7.51089	0.0410398
174	7.50895	0.0408497
175	7.50984	0.0406254
176	7.51085	0.0404067
177	7.50624	0.0404418
178	7.5054	0.0402228
179	7.50439	0.0400101
180	7.50639	0.0398375
181	7.50964	0.0397498
182	7.51431	0.0398059
183	7.51213	0.0396479
184	7.51203	0.0394319
185	7.51259	0.0392222
186	7.51127	0.0390331
187	7.50835	0.0389337
188	7.50826	0.0387261
189	7.51194	0.0386958
190	7.51227	0.038493
191	7.51446	0.0383534
192	7.51477	0.0381544
193	7.51003	0.0382508
194	7.50757	0.0381328
195	7.51098	0.0380901
196	7.51045	0.037899
197	7.51111	0.0377118
198	7.51284	0.0375607
199	7.51773	0.0376903
200	7.51522	0.0375851
201	7.5158	0.0374021
202	7.51521	0.0372213
203	7.51319	0.0370923
204	7.51888	0.0373461
205	7.5192	0.0371648
206	7.52314	0.0371934
207	7.51912	0.0372304
208	7.51935	0.0370517
209	7.51508	0.0371211
210	7.52014	0.0372901
211	7.52136	0.0371329
212	7.52249	0.0369744
213	7.52192	0.0368048
214	7.51863	0.0367799
215	7.51972	0.0366246
216	7.51875	0.0364673
217	7.51679	0.0363519
218	7.51592	0.0361953
219	7.5162	0.0360307
220	7.52042	0.0361141
221	7.51879	0.0359874
222	7.5218	0.0359511
223	7.52222	0.035792
224	7.52077	0.0356611
225	7.5226	0.0355492
226	7.52278	0.035392
227	7.52439	0.0352725
228	7.52532	0.0351297
229	7.52563	0.0349774
230	7.52149	0.0350705
231	7.51944	0.0349787
232	7.51885	0.0348325
233	7.52183	0.0348106
234	7.52642	0.0349638
235	7.52556	0.0348254
236	7.52195	0.0348643
237	7.52353	0.0347528
238	7.53051	0.0353036
239	7.53339	0.035273
240	7.53619	0.0352373
241	7.53728	0.0351076
242	7.54167	0.0352367
243	7.5444	0.0351977
244	7.54133	0.0351872
245	7.53878	0.0351361
246	7.53619	0.0350885
247	7.5319	0.0352091
248	7.52707	0.0353973
249	7.52525	0.0353017
250	7.5244	0.0351706
251	7.52681	0.0351131
252	7.52398	0.0350877
253	7.52597	0.0350051
254	7.52367	0.0349424
255	7.52288	0.0348141
256	7.52374	0.0346885
257	7.52194	0.0346005
258	7.52086	0.0344828
259	7.52099	0.0343496
260	7.51978	0.0342386
261	7.51996	0.0341076
262	7.51757	0.034061
263	7.52145	0.0341522
264	7.52271	0.0340462
265	7.5218	0.0339296
266	7.52225	0.0338048
267	7.52093	0.0337036
268	7.52291	0.0336358
269	7.5222	0.033518
270	7.52587	0.0335948
271	7.5271	0.0334932
272	7.52501	0.0334352
273	7.52468	0.0333141
274	7.5267	0.0332533
275	7.52589	0.0331418
276	7.52425	0.0330627
277	7.52105	0.033098
278	7.52442	0.0331506
279	7.52255	0.0330844
280	7.52181	0.0329743
281	7.52562	0.0330774
282	7.52775	0.0330286
283	7.52447	0.0330752
284	7.52272	0.0330046
285	7.52227	0.0328918
286	7.52206	0.0327772
287	7.52491	0.0327868
288	7.52732	0.0327617
289	7.52951	0.0327218
290	7.53002	0.0326127
291	7.52843	0.032539
292	7.5278	0.0324336
293	7.52782	0.0323227
294	7.53106	0.0323749
295	7.53275	0.0323091
296	7.53624	0.0323889
297	7.53789	0.0323217
298	7.54027	0.032301
299	7.54245	0.0322662
300	7.54277	0.0321601
301	7.5422	0.0320581
302	7.5423	0.0319519
303	7.53871	0.0320475
304	7.53831	0.0319444
305	7.53649	0.0318918
306	7.53344	0.0319331
307	7.53282	0.0318349
308	7.5335	0.0317387
309	7.53542	0.031694
310	7.53433	0.0316102
311	7.53536	0.031525
312	7.53634	0.031439
313	7.5356	0.0313472
314	7.53593	0.0312489
315	7.53586	0.0311497
316	7.53745	0.0310915
317	7.53686	0.0309987
318	7.53632	0.0309058
319	7.5372	0.0308213
320	7.53526	0.0307858
321	7.53516	0.0306899
322	7.5333	0.0306512
323	7.53323	0.0305562
324	7.53425	0.0304786
325	7.53909	0.0307684
326	7.54071	0.0307166
327	7.53928	0.0306558
328	7.53807	0.0305864
329	7.53901	0.0305077
330	7.53688	0.030489
331	7.53566	0.0304214
332	7.5322	0.0305259
333	7.53642	0.0307244
334	7.53592	0.0306363
335	7.53633	0.0305476
336	7.53678	0.0304598
337	7.53988	0.0305272
338	7.53634	0.030642
339	7.53654	0.0305522
340	7.53925	0.0305824
341	7.54009	0.0305041
342	7.5396	0.0304187
343	7.53855	0.0303484
344	7.54033	0.0303128
345	7.53755	0.0303529
346	7.53443	0.0304254
347	7.54002	0.0308489
348	7.53994	0.0307602
349	7.54029	0.0306741
350	7.5403	0.0305863
351	7.53904	0.0305248
352	7.53989	0.0304497
353	7.53968	0.030364
354	7.53864	0.0302958
355	7.53644	0.0302906
356	7.5364	0.0302054
357	7.53497	0.0301545
358	7.53435	0.0300767
359	7.5347	0.029995
360	7.53427	0.0299147
361	7.53458	0.0298333
362	7.53604	0.0297866
363	7.5368	0.029714
364	7.53791	0.0296533
365	7.54028	0.0296663
366	7.5398	0.029589
367	7.53986	0.0295084
368	7.53986	0.0294281
369	7.54068	0.0293596
370	7.54106	0.0292827
371	7.53732	0.0294421
372	7.53749	0.0293633
373	7.53834	0.029297
374	7.54086	0.0293267
375	7.54292	0.0293212
376	7.54144	0.0292807
377	7.53985	0.0292464
378	7.54063	0.0291794
379	7.53966	0.0291185
380	7.53905	0.0290482
381	7.5396	0.028977
382	7.53969	0.0289011
383	7.53842	0.0288536
384	7.5366	0.0288353
385	7.53703	0.0287635
386	7.5368	0.0286898
387	7.53635	0.0286191
388	7.53586	0.0285494
389	7.53631	0.0284795
390	7.53555	0.0284167
391	7.53505	0.0283483
392	7.53568	0.0282829
393	7.53609	0.0282138
394	7.53802	0.028208
395	7.5368	0.0281628
396	7.53564	0.0281156
397	7.53707	0.028081
398	7.53738	0.028012
399	7.5387	0.0279731
400	7.53938	0.0279114
401	7.53863	0.0278518
402	7.53825	0.027785
403	7.53794	0.0277177
404	7.53816	0.02765
405	7.53988	0.027635
406	7.54286	0.0277279
407	7.54161	0.0276882
408	7.543	0.0276553
409	7.54417	0.0276127
410	7.54429	0.0275455
411	7.54527	0.0274958
412	7.5438	0.0274685
413	7.5424	0.0274373
414	7.5421	0.0273726
415	7.54453	0.0274139
416	7.54621	0.0273996
417	7.54434	0.0273979
418	7.5456	0.0273616
419	7.5455	0.0272964
420	7.54616	0.0272394
421	7.54448	0.0272266
422	7.54643	0.0272319
423	7.54579	0.0271748
424	7.54699	0.0271371
425	7.54489	0.027155
426	7.54499	0.0270913
427	7.54548	0.0270323
428	7.54431	0.0269946
429	7.54229	0.027007
430	7.5421	0.0269448
431	7.54288	0.0268933
432	7.54352	0.0268387
433	7.54474	0.0268044
434	7.54497	0.0267436
435	7.54308	0.0267486
436	7.54301	0.0266872
437	7.54335	0.0266283
438	7.54444	0.0265897
439	7.54324	0.0265563
440	7.54232	0.0265117
441	7.5427	0.0264542
442	7.54338	0.0264029
443	7.54422	0.0263567
444	7.54284	0.0263335
445	7.54219	0.0262821
446	7.54246	0.0262244
447	7.54167	0.0261776
448	7.54398	0.0262211
449	7.54456	0.0261691
450	7.54407	0.0261154
451	7.54597	0.0261264
452	7.54551	0.0260726
453	7.54416	0.0260498
454	7.54759	0.0262181
455	7.54959	0.0262363
456	7.54845	0.0262033
457	7.55158	0.0263321
458	7.55462	0.0264501
459	7.55453	0.0263926
460	7.55416	0.0263379
461	7.55484	0.0262896
462	7.55406	0.0262443
463	7.55362	0.0261913
464	7.55403	0.0261381
465	7.55391	0.0260821
466	7.55357	0.0260283
467	7.55283	0.0259831
468	7.55473	0.0259971
469	7.55478	0.0259417
470	7.55447	0.0258883
471	7.55193	0.0259576
472	7.55095	0.0259211
473	7.54978	0.0258929
474	7.54807	0.0258944
475	7.54886	0.0258519
476	7.55032	0.0258385
477	7.54946	0.0257987
478	7.54903	0.0257481
479	7.54686	0.0257857
480	7.54477	0.0258168
481	7.54406	0.0257728
482	7.54244	0.0257702
483	7.54009	0.0258235
484	7.53988	0.0257709
485	7.54019	0.0257196
486	7.53944	0.0256774
487	7.53938	0.0256247
488	7.53814	0.0256022
489	7.53634	0.0256133
490	7.53578	0.025567
491	7.53551	0.0255163
492	7.53573	0.0254653
493	7.53676	0.0254342
494	7.53601	0.0253938
495	7.53608	0.0253426
496	7.5353	0.0253037
497	7.53435	0.0252704
498	7.53348	0.0252346
499	7.53491	0.0252247
500	7.53475	0.0251747
501	7.53493	0.025125
502	7.53294	0.025154
503	7.53324	0.0251057
504	7.53303	0.0250568
505	7.53201	0.0250277
506	7.53074	0.0250106
507	7.52901	0.0250214
508	7.52954	0.0249778
509	7.52934	0.0249294
510	7.53249	0.0250794
511	7.53033	0.0251232
512	7.52918	0.0251004
513	7.52807	0.0250762
514	7.52776	0.0250292
515	7.52732	0.0249845
516	7.52881	0.0249803
517	7.52846	0.0249344
518	7.53019	0.0249464
519	7.53146	0.0249307
520	7.53034	0.0249078
521	7.53221	0.0249301
522	7.53286	0.0248908
523	7.53415	0.0248766
524	7.53461	0.0248334
525	7.53394	0.0247952
526	7.53413	0.0247488
527	7.53353	0.0247091
528	7.53505	0.024709
529	7.53517	0.0246625
530	7.53418	0.0246356
531	7.53423	0.0245892
532	7.53364	0.02455
533	7.53225	0.0245433
534	7.53243	0.024498
535	7.53316	0.0244631
536	7.53389	0.0244282
537	7.53406	0.0243833
538	7.53231	0.0244004
539	7.53277	0.0243593
540	7.53258	0.0243149
541	7.53179	0.0242827
542	7.53249	0.0242481
543	7.53291	0.0242071
544	7.53226	0.0241714
545	7.53302	0.0241391
546	7.53193	0.0241195
547	7.53101	0.024093
548	7.53157	0.0240555
549	7.53234	0.0240239
550	7.53235	0.0239802
551	7.53185	0.0239418
552	7.53267	0.0239122
553	7.53169	0.0238888
554	7.5315	0.0238465
555	7.5309	0.0238108
556	7.5291	0.0238361
557	7.53045	0.0238313
558	7.53005	0.0237919
559	7.52871	0.0237869
560	7.52889	0.0237451
561	7.52778	0.0237285
562	7.52913	0.0237245
563	7.52948	0.0236849
564	7.53084	0.0236822
565	7.53336	0.0237738
566	7.53257	0.0237447
567	7.53125	0.0237401
568	7.53109	0.0236988
569	7.53118	0.0236573
570	7.52951	0.0236752
571	7.52921	0.0236355
572	7.5286	0.0236023
573	7.52906	0.0235657
574	7.52932	0.0235261
575	7.52872	0.0234929
576	7.52777	0.0234714
577	7.52754	0.0234318
578	7.52691	0.0233998
579	7.52666	0.0233607
580	7.52605	0.0233281
581	7.52482	0.0233206
582	7.52446	0.0232832
583	7.52452	0.0232433
584	7.52433	0.0232043
585	7.52496	0.0231732
586	7.52493	0.0231337
587	7.52482	0.0230945
588	7.52334	0.0231027
589	7.52351	0.0230641
590	7.5229	0.023033
591	7.5244	0.0230431
592	7.52376	0.0230132
593	7.52289	0.0229908
594	7.52199	0.0229696
595	7.52265	0.0229404
596	7.52256	0.022902
597	7.52238	0.0228644
598	7.52264	0.0228277
599	7.52311	0.0227942
600	7.52417	0.022781
601	7.52312	0.022767
602	7.52191	0.0227615
603	7.52084	0.022749
604	7.51981	0.0227344
605	7.51899	0.0227119
606	7.51779	0.0227062
607	7.51783	0.0226688
608	7.51713	0.0226425
609	7.51891	0.0226756
610	7.51859	0.0226407
611	7.5187	0.022604
612	7.52117	0.0227011
613	7.52009	0.0226898
614	7.52048	0.0226562
615	7.52086	0.0226227
616	7.52134	0.0225909
617	7.52295	0.0226117
618	7.52311	0.0225756
619	7.52424	0.0225674
620	7.52431	0.0225311
621	7.52474	0.0224989
622	7.52492	0.0224634
623	7.52448	0.0224317
624	7.52362	0.0224123
625	7.52379	0.0223771
626	7.52397	0.022342
627	7.5234	0.0223137
628	7.52475	0.0223191
629	7.52372	0.0223073
630	7.52305	0.0222817
631	7.52246	0.0222543
632	7.52178	0.0222295
633	7.52269	0.0222127
634	7.52371	0.0222015
635	7.52272	0.0221886
636	7.52117	0.0222079
637	7.51966	0.0222243
638	7.51961	0.0221895
639	7.52062	0.0221778
640	7.51914	0.022193
641	7.51802	0.0221862
642	7.51772	0.0221537
643	7.51805	0.0221216
644	7.51854	0.0220927
645	7.51895	0.0220623
646	7.5186	0.0220308
647	7.51953	0.0220162
648	7.52027	0.0219948
649	7.51997	0.0219629
650	7.51977	0.02193
651	7.51915	0.0219051
652	7.52038	0.0219058
653	7.52153	0.0219023
654	7.52163	0.021869
655	7.52097	0.0218455
656	7.52035	0.0218211
657	7.51903	0.0218274
658	7.51926	0.0217954
659	7.52013	0.0217797
660	7.52231	0.021855
661	7.52149	0.0218372
662	7.52101	0.0218095
663	7.52077	0.0217779
664	7.52037	0.0217487
665	7.52	0.0217191
666	7.52011	0.0216867
667	7.52077	0.0216642
668	7.52152	0.0216449
669	7.52134	0.0216133
670	7.52122	0.0215813
671	7.52139	0.0215498
672	7.52078	0.0215265
673	7.52104	0.0214962
674	7.52113	0.0214644
675	7.52116	0.0214326
676	7.52154	0.0214044
677	7.52148	0.0213728
678	7.52189	0.021345
679	7.52158	0.0213158
680	7.52181	0.0212857
681	7.52224	0.0212589
682	7.52242	0.0212285
683	7.52157	0.0212147
684	7.52072	0.0212008
685	7.52109	0.0211731
686	7.5209	0.021143
687	7.52058	0.0211146
688	7.52075	0.0210846
689	7.52062	0.0210544
690	7.52184	0.0210595
691	7.52271	0.0210468
692	7.52272	0.0210163
693	7.52109	0.0210498
694	7.52122	0.0210198
695	7.52153	0.0209919
696	7.52132	0.0209628
697	7.52084	0.0209383
698	7.52128	0.020913
699	7.52031	0.0209055
700	7.51825	0.0209774
701	7.5176	0.0209575
702	7.5176	0.0209276
703	7.51639	0.0209326
704	7.51576	0.0209123
705	7.51545	0.0208849
706	7.51445	0.0208793
707	7.51543	0.0208726
708	7.51628	0.0208605
709	7.51636	0.0208312
710	7.51603	0.0208043
711	7.51833	0.0209012
712	7.51738	0.0208933
713	7.51594	0.0209136
714	7.51562	0.0208867
715	7.51465	0.0208799
716	7.51523	0.0208586
717	7.51392	0.0208705
718	7.51444	0.0208479
719	7.51356	0.0208374
720	7.51271	0.0208258
721	7.51436	0.0208621
722	7.51319	0.0208659
723	7.51188	0.0208781
724	7.51122	0.0208598
725	7.51217	0.0208528
726	7.51305	0.0208424
727	7.51416	0.0208434
728	7.51398	0.0208155
729	7.51346	0.0207936
730	7.51321	0.0207665
731	7.51306	0.0207387
732	7.5135	0.0207151
733	7.51523	0.0207589
734	7.5162	0.0207534
735	7.5164	0.0207261
736	7.51682	0.0207022
737	7.51604	0.0206888
738	7.51623	0.0206616
739	7.51544	0.0206487
740	7.51607	0.0206306
741	7.51601	0.0206029
742	7.51617	0.0205757
743	7.51784	0.0206157
744	7.5182	0.0205911
745	7.5176	0.0205722
746	7.51764	0.0205447
747	7.51686	0.0205321
748	7.51706	0.0205056
749	7.51858	0.0205347
750	7.51829	0.0205094
751	7.51881	0.0204886
752	7.5198	0.0204851
753	7.52065	0.0204759
754	7.52089	0.02045
755	7.52097	0.0204231
756	7.52266	0.0204662
757	7.52313	0.0204447
758	7.52451	0.0204641
759	7.52451	0.0204372
760	7.5241	0.0204144
761	7.52386	0.0203889
762	7.5242	0.020365
763	7.52334	0.0203567
764	7.52232	0.0203555
765	7.52222	0.0203291
766	7.52103	0.0203372
767	7.52072	0.0203131
768	7.52063	0.0202868
769	7.52068	0.0202605
770	7.51973	0.0202565
771	7.51929	0.0202349
772	7.51967	0.0202122
773	7.51946	0.0201871
774	7.51921	0.0201626
775	7.52109	0.0202235
776	7.52168	0.0202061
777	7.522	0.0201826
778	7.52158	0.0201609
779	7.5217	0.0201354
780	7.52146	0.020111
781	7.5216	0.0200857
782	7.52057	0.0200864
783	7.52089	0.0200633
784	7.5206	0.0200398
785	7.52139	0.0200299
786	7.52118	0.0200055
787	7.52206	0.0199992
788	7.52184	0.019975
789	7.52231	0.0199551
790	7.52177	0.0199372
791	7.52085	0.0199331
792	7.51989	0.0199312
793	7.521	0.0199372
794	7.5206	0.0199161
795	7.52132	0.0199039
796	7.52168	0.0198822
797	7.52143	0.0198589
798	7.52129	0.0198345
799	7.52034	0.0198326
800	7.52077	0.0198126
801	7.52142	0.0197986
802	7.52035	0.019803
803	7.52125	0.0197989
804	7.52206	0.0197906
805	7.52276	0.0197785
806	7.52318	0.0197584
807	7.52335	0.0197346
808	7.5233	0.0197102
809	7.52405	0.0196997
810	7.52359	0.0196807
811	7.5236	0.0196564
812	7.52444	0.01965
813	7.52442	0.0196258
814	7.52522	0.0196178
815	7.52419	0.019621
816	7.52284	0.0196433
817	7.52361	0.0196346
818	7.52428	0.019622
819	7.52352	0.0196129
820	7.52404	0.019596
821	7.52403	0.0195721
822	7.52392	0.0195486
823	7.52376	0.0195255
824	7.52294	0.019519
825	7.52272	0.0194965
826	7.52269	0.019473
827	7.52251	0.0194502
828	7.52276	0.0194282
829	7.52254	0.019406
830	7.52274	0.0193837
831	7.52234	0.0193645
832	7.52208	0.019343
833	7.52245	0.0193233
834	7.52237	0.0193002
835	7.52323	0.0192961
836	7.52354	0.0192756
837	7.52337	0.0192534
838	7.52357	0.0192314
839	7.52447	0.0192295
840	7.52475	0.0192085
841	7.52418	0.0191939
842	7.52509	0.0191924
843	7.52445	0.0191802
844	7.52409	0.0191609
845	7.52277	0.0191838
846	7.52421	0.0192153
847	7.5246	0.0191967
848	7.52485	0.0191756
849	7.52428	0.0191614
850	7.5242	0.019139
851	7.52442	0.0191178
852	7.52378	0.0191058
853	7.52363	0.019084
854	7.52309	0.0190692
855	7.52374	0.0190579
856	7.52273	0.0190623
857	7.52265	0.0190402
858	7.52174	0.0190394
859	7.52133	0.0190217
860	7.52016	0.0190358
861	7.52046	0.0190161
862	7.52084	0.018998
863	7.5209	0.018976
864	7.51968	0.0189936
865	7.51954	0.0189721
866	7.51979	0.0189518
867	7.51969	0.0189302
868	7.51925	0.0189133
869	7.51957	0.0188941
870	7.51979	0.0188737
871	7.51992	0.0188524
872	7.5188	0.0188637
873	7.52074	0.0189417
874	7.52005	0.0189329
875	7.51959	0.0189167
876	7.51996	0.0188986
877	7.51982	0.0188776
878	7.51945	0.0188597
879	7.51877	0.0188507
880	7.51922	0.0188347
881	7.51893	0.0188155
882	7.51891	0.0187942
883	7.51938	0.0187789
884	7.51914	0.0187592
885	7.52	0.0187574
886	7.52024	0.0187377
887	7.51969	0.0187245
888	7.51942	0.0187055
889	7.51835	0.0187148
890	7.51841	0.0186938
891	7.51846	0.0186729
892	7.51803	0.0186568
893	7.51716	0.0186561
894	7.51756	0.0186394
895	7.518	0.0186239
896	7.5195	0.0186635
897	7.51944	0.0186428
898	7.52033	0.0186432
899	7.52073	0.0186268
900	7.52045	0.0186082
901	7.52063	0.0185884
902	7.52086	0.0185691
903	7.52027	0.0185579
904	7.52018	0.0185376
905	7.52017	0.0185171
906	7.52082	0.018508
907	7.52042	0.018492
908	7.52084	0.0184765
909	7.52064	0.0184573
910	7.52058	0.0184371
911	7.52073	0.0184174
912	7.52093	0.0183983
913	7.52059	0.0183814
914	7.52058	0.0183612
915	7.52046	0.0183416
916	7.5197	0.0183375
917	7.51885	0.0183373
918	7.51891	0.0183174
919	7.51998	0.0183288
920	7.52046	0.018315
921	7.51985	0.0183051
922	7.52058	0.0182996
923	7.52079	0.0182809
924	7.52059	0.0182622
925	7.52088	0.0182447
926	7.52176	0.0182462
927	7.52246	0.0182399
928	7.52224	0.0182216
929	7.52262	0.018206
930	7.52272	0.0181867
931	7.52287	0.0181678
932	7.52339	0.0181557
933	7.52322	0.0181371
934	7.52433	0.018152
935	7.52313	0.0181724
936	7.52317	0.018153
937	7.52291	0.0181355
938	7.52279	0.0181165
939	7.52219	0.0181072
940	7.52138	0.0181062
941	7.52072	0.0180989
942	7.51986	0.0181001
943	7.51965	0.0180821
944	7.51991	0.0180648
945	7.52051	0.0180555
946	7.52155	0.0180665
947	7.5214	0.0180481
948	7.5215	0.0180293
949	7.52127	0.0180117
950	7.52127	0.0179928
951	7.52175	0.0179801
952	7.52262	0.0179825
953	7.52302	0.017968
954	7.5226	0.017954
955	7.52198	0.017946
956	7.52276	0.017944
957	7.52215	0.0179356
958	7.52319	0.0179469
959	7.52294	0.0179298
960	7.52313	0.0179121
961	7.52304	0.0178937
962	7.52244	0.0178852
963	7.52282	0.0178707
964	7.52356	0.0178677
965	7.52381	0.0178508
966	7.52389	0.0178325
967	7.52394	0.0178142
968	7.52444	0.0178029
969	7.52366	0.0178019
970	7.52438	0.0177984
971	7.52394	0.0177857
972	7.52371	0.0177689
973	7.52335	0.0177542
974	7.52329	0.017736
975	7.52293	0.0177215
976	7.52342	0.01771
977	7.52308	0.0176951
978	7.52393	0.0176976
979	7.52403	0.0176798
980	7.52382	0.017663
981	7.52324	0.0176546
982	7.52385	0.017647
983	7.52312	0.0176441
984	7.52349	0.0176301
985	7.52395	0.0176181
986	7.52402	0.0176004
987	7.52293	0.0176163
988	7.52353	0.0176086
989	7.52368	0.0175914
990	7.52341	0.0175756
991	7.52385	0.0175633
992	7.52305	0.0175638
993	7.52348	0.0175515
994	7.52331	0.0175347
995	7.52392	0.0175275
996	7.52277	0.0175476
997	7.52319	0.0175349
998	7.52361	0.0175225
999	7.52369	0.0175051
1000	7.52382	0.0174881
